# JRE version: OpenJDK Runtime Environment SapMachine (11.0.17+8) (build 11.0.17+8-LTS-sapmachine)
# Java VM: OpenJDK 64-Bit Server VM SapMachine (11.0.17+8-LTS-sapmachine, mixed mode, tiered, compressed oops, g1 gc, linux-amd64)
Heap:
 garbage-first heap   total 512000K, used 59437K [0x000000060d600000, 0x0000000800000000)
  region size 2048K, 29 young (59392K), 3 survivors (6144K)
 Metaspace       used 31963K, capacity 32753K, committed 33024K, reserved 1079296K
  class space    used 3683K, capacity 3974K, committed 4096K, reserved 1048576K
GC Heap History (6 events):
Event: 0.393 GC heap before
{Heap before GC invocations=0 (full 0):
 garbage-first heap   total 512000K, used 24576K [0x000000060d600000, 0x0000000800000000)
  region size 2048K, 12 young (24576K), 0 survivors (0K)
 Metaspace       used 12054K, capacity 12336K, committed 12544K, reserved 1060864K
  class space    used 1159K, capacity 1222K, committed 1280K, reserved 1048576K
}
Event: 0.396 GC heap after
{Heap after GC invocations=1 (full 0):
 garbage-first heap   total 512000K, used 6205K [0x000000060d600000, 0x0000000800000000)
  region size 2048K, 2 young (4096K), 2 survivors (4096K)
 Metaspace       used 12054K, capacity 12336K, committed 12544K, reserved 1060864K
  class space    used 1159K, capacity 1222K, committed 1280K, reserved 1048576K
}
Event: 0.602 GC heap before
{Heap before GC invocations=1 (full 0):
 garbage-first heap   total 512000K, used 49213K [0x000000060d600000, 0x0000000800000000)
  region size 2048K, 24 young (49152K), 2 survivors (4096K)
 Metaspace       used 20498K, capacity 20963K, committed 21248K, reserved 1069056K
  class space    used 2259K, capacity 2437K, committed 2560K, reserved 1048576K
}
Event: 0.605 GC heap after
{Heap after GC invocations=2 (full 0):
 garbage-first heap   total 512000K, used 8383K [0x000000060d600000, 0x0000000800000000)
  region size 2048K, 4 young (8192K), 4 survivors (8192K)
 Metaspace       used 20498K, capacity 20963K, committed 21248K, reserved 1069056K
  class space    used 2259K, capacity 2437K, committed 2560K, reserved 1048576K
}
Event: 0.726 GC heap before
{Heap before GC invocations=3 (full 0):
 garbage-first heap   total 512000K, used 57535K [0x000000060d600000, 0x0000000800000000)
  region size 2048K, 29 young (59392K), 4 survivors (8192K)
 Metaspace       used 27181K, capacity 27789K, committed 27904K, reserved 1073152K
  class space    used 3054K, capacity 3303K, committed 3328K, reserved 1048576K
}
Event: 0.729 GC heap after
{Heap after GC invocations=4 (full 0):
 garbage-first heap   total 512000K, used 10285K [0x000000060d600000, 0x0000000800000000)
  region size 2048K, 3 young (6144K), 3 survivors (6144K)
 Metaspace       used 27181K, capacity 27789K, committed 27904K, reserved 1073152K
  class space    used 3054K, capacity 3303K, committed 3328K, reserved 1048576K
}

