# JRE version: OpenJDK Runtime Environment Temurin-17.0.7+7 (17.0.7+7) (build 17.0.7+7)
# Java VM: OpenJDK 64-Bit Server VM Temurin-17.0.7+7 (17.0.7+7, mixed mode, tiered, compressed oops, compressed class ptrs, parallel gc, linux-amd64)
GC Precious Log:
 CPUs: 20 total, 20 available
 Memory: 31911M
 Large Page Support: Disabled
 NUMA Support: Disabled
 Compressed Oops: Enabled (32-bit)
 Alignments: Space 512K, Generation 512K, Heap 2M
 Heap Min Capacity: 100M
 Heap Initial Capacity: 100M
 Heap Max Capacity: 1G
 Pre-touch: Disabled
 Parallel Workers: 15
Heap:
 PSYoungGen      total 14336K, used 9836K [0x00000000eab00000, 0x00000000ebd00000, 0x0000000100000000)
  eden space 10240K, 59% used [0x00000000eab00000,0x00000000eb0f1360,0x00000000eb500000)
  from space 4096K, 91% used [0x00000000eb500000,0x00000000eb8a9f50,0x00000000eb900000)
  to   space 4096K, 0% used [0x00000000eb900000,0x00000000eb900000,0x00000000ebd00000)
 ParOldGen       total 207360K, used 188243K [0x00000000c0000000, 0x00000000cca80000, 0x00000000eab00000)
  object space 207360K, 90% used [0x00000000c0000000,0x00000000cb7d4df8,0x00000000cca80000)
 Metaspace       used 85564K, committed 86976K, reserved 1179648K
  class space    used 8695K, committed 9344K, reserved 1048576K
GC Heap History (20 events):
Event: 438.742 GC heap before
{Heap before GC invocations=633 (full 27):
 PSYoungGen      total 14336K, used 14322K [0x00000000eab00000, 0x00000000ebe00000, 0x0000000100000000)
  eden space 11264K, 100% used [0x00000000eab00000,0x00000000eb600000,0x00000000eb600000)
  from space 3072K, 99% used [0x00000000eb600000,0x00000000eb8fc820,0x00000000eb900000)
  to   space 4096K, 0% used [0x00000000eba00000,0x00000000eba00000,0x00000000ebe00000)
 ParOldGen       total 207360K, used 180546K [0x00000000c0000000, 0x00000000cca80000, 0x00000000eab00000)
  object space 207360K, 87% used [0x00000000c0000000,0x00000000cb050ac0,0x00000000cca80000)
 Metaspace       used 85286K, committed 86592K, reserved 1179648K
  class space    used 8681K, committed 9280K, reserved 1048576K
}
Event: 438.744 GC heap after
{Heap after GC invocations=633 (full 27):
 PSYoungGen      total 14848K, used 3511K [0x00000000eab00000, 0x00000000ebd80000, 0x0000000100000000)
  eden space 11264K, 0% used [0x00000000eab00000,0x00000000eab00000,0x00000000eb600000)
  from space 3584K, 97% used [0x00000000eba00000,0x00000000ebd6df40,0x00000000ebd80000)
  to   space 3584K, 0% used [0x00000000eb680000,0x00000000eb680000,0x00000000eba00000)
 ParOldGen       total 207360K, used 181494K [0x00000000c0000000, 0x00000000cca80000, 0x00000000eab00000)
  object space 207360K, 87% used [0x00000000c0000000,0x00000000cb13db28,0x00000000cca80000)
 Metaspace       used 85286K, committed 86592K, reserved 1179648K
  class space    used 8681K, committed 9280K, reserved 1048576K
}
Event: 438.758 GC heap before
{Heap before GC invocations=634 (full 27):
 PSYoungGen      total 14848K, used 14775K [0x00000000eab00000, 0x00000000ebd80000, 0x0000000100000000)
  eden space 11264K, 100% used [0x00000000eab00000,0x00000000eb600000,0x00000000eb600000)
  from space 3584K, 97% used [0x00000000eba00000,0x00000000ebd6df40,0x00000000ebd80000)
  to   space 3584K, 0% used [0x00000000eb680000,0x00000000eb680000,0x00000000eba00000)
 ParOldGen       total 207360K, used 181494K [0x00000000c0000000, 0x00000000cca80000, 0x00000000eab00000)
  object space 207360K, 87% used [0x00000000c0000000,0x00000000cb13db28,0x00000000cca80000)
 Metaspace       used 85384K, committed 86656K, reserved 1179648K
  class space    used 8681K, committed 9280K, reserved 1048576K
}
Event: 438.759 GC heap after
{Heap after GC invocations=634 (full 27):
 PSYoungGen      total 14848K, used 3570K [0x00000000eab00000, 0x00000000ec000000, 0x0000000100000000)
  eden space 11264K, 0% used [0x00000000eab00000,0x00000000eab00000,0x00000000eb600000)
  from space 3584K, 99% used [0x00000000eb680000,0x00000000eb9fc820,0x00000000eba00000)
  to   space 5120K, 0% used [0x00000000ebb00000,0x00000000ebb00000,0x00000000ec000000)
 ParOldGen       total 207360K, used 182662K [0x00000000c0000000, 0x00000000cca80000, 0x00000000eab00000)
  object space 207360K, 88% used [0x00000000c0000000,0x00000000cb261a10,0x00000000cca80000)
 Metaspace       used 85384K, committed 86656K, reserved 1179648K
  class space    used 8681K, committed 9280K, reserved 1048576K
}
Event: 438.993 GC heap before
{Heap before GC invocations=635 (full 27):
 PSYoungGen      total 14848K, used 14834K [0x00000000eab00000, 0x00000000ec000000, 0x0000000100000000)
  eden space 11264K, 100% used [0x00000000eab00000,0x00000000eb600000,0x00000000eb600000)
  from space 3584K, 99% used [0x00000000eb680000,0x00000000eb9fc820,0x00000000eba00000)
  to   space 5120K, 0% used [0x00000000ebb00000,0x00000000ebb00000,0x00000000ec000000)
 ParOldGen       total 207360K, used 182662K [0x00000000c0000000, 0x00000000cca80000, 0x00000000eab00000)
  object space 207360K, 88% used [0x00000000c0000000,0x00000000cb261a10,0x00000000cca80000)
 Metaspace       used 85391K, committed 86720K, reserved 1179648K
  class space    used 8682K, committed 9280K, reserved 1048576K
}
Event: 438.996 GC heap after
{Heap after GC invocations=635 (full 27):
 PSYoungGen      total 14848K, used 3129K [0x00000000eab00000, 0x00000000ebe80000, 0x0000000100000000)
  eden space 11264K, 0% used [0x00000000eab00000,0x00000000eab00000,0x00000000eb600000)
  from space 3584K, 87% used [0x00000000ebb00000,0x00000000ebe0e430,0x00000000ebe80000)
  to   space 4096K, 0% used [0x00000000eb680000,0x00000000eb680000,0x00000000eba80000)
 ParOldGen       total 207360K, used 184851K [0x00000000c0000000, 0x00000000cca80000, 0x00000000eab00000)
  object space 207360K, 89% used [0x00000000c0000000,0x00000000cb484d00,0x00000000cca80000)
 Metaspace       used 85391K, committed 86720K, reserved 1179648K
  class space    used 8682K, committed 9280K, reserved 1048576K
}
Event: 439.013 GC heap before
{Heap before GC invocations=636 (full 27):
 PSYoungGen      total 14848K, used 14393K [0x00000000eab00000, 0x00000000ebe80000, 0x0000000100000000)
  eden space 11264K, 100% used [0x00000000eab00000,0x00000000eb600000,0x00000000eb600000)
  from space 3584K, 87% used [0x00000000ebb00000,0x00000000ebe0e430,0x00000000ebe80000)
  to   space 4096K, 0% used [0x00000000eb680000,0x00000000eb680000,0x00000000eba80000)
 ParOldGen       total 207360K, used 184851K [0x00000000c0000000, 0x00000000cca80000, 0x00000000eab00000)
  object space 207360K, 89% used [0x00000000c0000000,0x00000000cb484d00,0x00000000cca80000)
 Metaspace       used 85421K, committed 86720K, reserved 1179648K
  class space    used 8682K, committed 9280K, reserved 1048576K
}
Event: 439.015 GC heap after
{Heap after GC invocations=636 (full 27):
 PSYoungGen      total 14848K, used 3246K [0x00000000eab00000, 0x00000000ebd00000, 0x0000000100000000)
  eden space 11264K, 0% used [0x00000000eab00000,0x00000000eab00000,0x00000000eb600000)
  from space 3584K, 90% used [0x00000000eb680000,0x00000000eb9abb40,0x00000000eba00000)
  to   space 3072K, 0% used [0x00000000eba00000,0x00000000eba00000,0x00000000ebd00000)
 ParOldGen       total 207360K, used 184851K [0x00000000c0000000, 0x00000000cca80000, 0x00000000eab00000)
  object space 207360K, 89% used [0x00000000c0000000,0x00000000cb484d00,0x00000000cca80000)
 Metaspace       used 85421K, committed 86720K, reserved 1179648K
  class space    used 8682K, committed 9280K, reserved 1048576K
}
Event: 439.346 GC heap before
{Heap before GC invocations=637 (full 27):
 PSYoungGen      total 14848K, used 14510K [0x00000000eab00000, 0x00000000ebd00000, 0x0000000100000000)
  eden space 11264K, 100% used [0x00000000eab00000,0x00000000eb600000,0x00000000eb600000)
  from space 3584K, 90% used [0x00000000eb680000,0x00000000eb9abb40,0x00000000eba00000)
  to   space 3072K, 0% used [0x00000000eba00000,0x00000000eba00000,0x00000000ebd00000)
 ParOldGen       total 207360K, used 184851K [0x00000000c0000000, 0x00000000cca80000, 0x00000000eab00000)
  object space 207360K, 89% used [0x00000000c0000000,0x00000000cb484d00,0x00000000cca80000)
 Metaspace       used 85435K, committed 86720K, reserved 1179648K
  class space    used 8682K, committed 9280K, reserved 1048576K
}
Event: 439.348 GC heap after
{Heap after GC invocations=637 (full 27):
 PSYoungGen      total 14336K, used 3060K [0x00000000eab00000, 0x00000000ebd00000, 0x0000000100000000)
  eden space 11264K, 0% used [0x00000000eab00000,0x00000000eab00000,0x00000000eb600000)
  from space 3072K, 99% used [0x00000000eba00000,0x00000000ebcfd220,0x00000000ebd00000)
  to   space 3584K, 0% used [0x00000000eb600000,0x00000000eb600000,0x00000000eb980000)
 ParOldGen       total 207360K, used 185163K [0x00000000c0000000, 0x00000000cca80000, 0x00000000eab00000)
  object space 207360K, 89% used [0x00000000c0000000,0x00000000cb4d2d40,0x00000000cca80000)
 Metaspace       used 85435K, committed 86720K, reserved 1179648K
  class space    used 8682K, committed 9280K, reserved 1048576K
}
Event: 439.363 GC heap before
{Heap before GC invocations=638 (full 27):
 PSYoungGen      total 14336K, used 14324K [0x00000000eab00000, 0x00000000ebd00000, 0x0000000100000000)
  eden space 11264K, 100% used [0x00000000eab00000,0x00000000eb600000,0x00000000eb600000)
  from space 3072K, 99% used [0x00000000eba00000,0x00000000ebcfd220,0x00000000ebd00000)
  to   space 3584K, 0% used [0x00000000eb600000,0x00000000eb600000,0x00000000eb980000)
 ParOldGen       total 207360K, used 185163K [0x00000000c0000000, 0x00000000cca80000, 0x00000000eab00000)
  object space 207360K, 89% used [0x00000000c0000000,0x00000000cb4d2d40,0x00000000cca80000)
 Metaspace       used 85446K, committed 86720K, reserved 1179648K
  class space    used 8682K, committed 9280K, reserved 1048576K
}
Event: 439.364 GC heap after
{Heap after GC invocations=638 (full 27):
 PSYoungGen      total 13824K, used 2116K [0x00000000eab00000, 0x00000000ebc00000, 0x0000000100000000)
  eden space 11264K, 0% used [0x00000000eab00000,0x00000000eab00000,0x00000000eb600000)
  from space 2560K, 82% used [0x00000000eb600000,0x00000000eb811210,0x00000000eb880000)
  to   space 3072K, 0% used [0x00000000eb900000,0x00000000eb900000,0x00000000ebc00000)
 ParOldGen       total 207360K, used 186623K [0x00000000c0000000, 0x00000000cca80000, 0x00000000eab00000)
  object space 207360K, 89% used [0x00000000c0000000,0x00000000cb63fda8,0x00000000cca80000)
 Metaspace       used 85446K, committed 86720K, reserved 1179648K
  class space    used 8682K, committed 9280K, reserved 1048576K
}
Event: 439.614 GC heap before
{Heap before GC invocations=639 (full 27):
 PSYoungGen      total 13824K, used 13380K [0x00000000eab00000, 0x00000000ebc00000, 0x0000000100000000)
  eden space 11264K, 100% used [0x00000000eab00000,0x00000000eb600000,0x00000000eb600000)
  from space 2560K, 82% used [0x00000000eb600000,0x00000000eb811210,0x00000000eb880000)
  to   space 3072K, 0% used [0x00000000eb900000,0x00000000eb900000,0x00000000ebc00000)
 ParOldGen       total 207360K, used 186623K [0x00000000c0000000, 0x00000000cca80000, 0x00000000eab00000)
  object space 207360K, 89% used [0x00000000c0000000,0x00000000cb63fda8,0x00000000cca80000)
 Metaspace       used 85457K, committed 86784K, reserved 1179648K
  class space    used 8683K, committed 9280K, reserved 1048576K
}
Event: 439.615 GC heap after
{Heap after GC invocations=639 (full 27):
 PSYoungGen      total 14336K, used 2558K [0x00000000eab00000, 0x00000000ebc00000, 0x0000000100000000)
  eden space 11264K, 0% used [0x00000000eab00000,0x00000000eab00000,0x00000000eb600000)
  from space 3072K, 83% used [0x00000000eb900000,0x00000000ebb7fb10,0x00000000ebc00000)
  to   space 3072K, 0% used [0x00000000eb600000,0x00000000eb600000,0x00000000eb900000)
 ParOldGen       total 207360K, used 186623K [0x00000000c0000000, 0x00000000cca80000, 0x00000000eab00000)
  object space 207360K, 89% used [0x00000000c0000000,0x00000000cb63fda8,0x00000000cca80000)
 Metaspace       used 85457K, committed 86784K, reserved 1179648K
  class space    used 8683K, committed 9280K, reserved 1048576K
}
Event: 440.411 GC heap before
{Heap before GC invocations=640 (full 27):
 PSYoungGen      total 14336K, used 13822K [0x00000000eab00000, 0x00000000ebc00000, 0x0000000100000000)
  eden space 11264K, 100% used [0x00000000eab00000,0x00000000eb600000,0x00000000eb600000)
  from space 3072K, 83% used [0x00000000eb900000,0x00000000ebb7fb10,0x00000000ebc00000)
  to   space 3072K, 0% used [0x00000000eb600000,0x00000000eb600000,0x00000000eb900000)
 ParOldGen       total 207360K, used 186623K [0x00000000c0000000, 0x00000000cca80000, 0x00000000eab00000)
  object space 207360K, 89% used [0x00000000c0000000,0x00000000cb63fda8,0x00000000cca80000)
 Metaspace       used 85462K, committed 86784K, reserved 1179648K
  class space    used 8683K, committed 9280K, reserved 1048576K
}
Event: 440.413 GC heap after
{Heap after GC invocations=640 (full 27):
 PSYoungGen      total 14336K, used 2681K [0x00000000eab00000, 0x00000000ebc00000, 0x0000000100000000)
  eden space 11264K, 0% used [0x00000000eab00000,0x00000000eab00000,0x00000000eb600000)
  from space 3072K, 87% used [0x00000000eb600000,0x00000000eb89e430,0x00000000eb900000)
  to   space 3072K, 0% used [0x00000000eb900000,0x00000000eb900000,0x00000000ebc00000)
 ParOldGen       total 207360K, used 186623K [0x00000000c0000000, 0x00000000cca80000, 0x00000000eab00000)
  object space 207360K, 89% used [0x00000000c0000000,0x00000000cb63fda8,0x00000000cca80000)
 Metaspace       used 85462K, committed 86784K, reserved 1179648K
  class space    used 8683K, committed 9280K, reserved 1048576K
}
Event: 440.676 GC heap before
{Heap before GC invocations=641 (full 27):
 PSYoungGen      total 14336K, used 13945K [0x00000000eab00000, 0x00000000ebc00000, 0x0000000100000000)
  eden space 11264K, 100% used [0x00000000eab00000,0x00000000eb600000,0x00000000eb600000)
  from space 3072K, 87% used [0x00000000eb600000,0x00000000eb89e430,0x00000000eb900000)
  to   space 3072K, 0% used [0x00000000eb900000,0x00000000eb900000,0x00000000ebc00000)
 ParOldGen       total 207360K, used 186623K [0x00000000c0000000, 0x00000000cca80000, 0x00000000eab00000)
  object space 207360K, 89% used [0x00000000c0000000,0x00000000cb63fda8,0x00000000cca80000)
 Metaspace       used 85470K, committed 86784K, reserved 1179648K
  class space    used 8683K, committed 9280K, reserved 1048576K
}
Event: 440.678 GC heap after
{Heap after GC invocations=641 (full 27):
 PSYoungGen      total 13312K, used 3069K [0x00000000eab00000, 0x00000000ebe00000, 0x0000000100000000)
  eden space 10240K, 0% used [0x00000000eab00000,0x00000000eab00000,0x00000000eb500000)
  from space 3072K, 99% used [0x00000000eb900000,0x00000000ebbff620,0x00000000ebc00000)
  to   space 4096K, 0% used [0x00000000eb500000,0x00000000eb500000,0x00000000eb900000)
 ParOldGen       total 207360K, used 187423K [0x00000000c0000000, 0x00000000cca80000, 0x00000000eab00000)
  object space 207360K, 90% used [0x00000000c0000000,0x00000000cb707dc8,0x00000000cca80000)
 Metaspace       used 85470K, committed 86784K, reserved 1179648K
  class space    used 8683K, committed 9280K, reserved 1048576K
}
Event: 440.690 GC heap before
{Heap before GC invocations=642 (full 27):
 PSYoungGen      total 13312K, used 13309K [0x00000000eab00000, 0x00000000ebe00000, 0x0000000100000000)
  eden space 10240K, 100% used [0x00000000eab00000,0x00000000eb500000,0x00000000eb500000)
  from space 3072K, 99% used [0x00000000eb900000,0x00000000ebbff620,0x00000000ebc00000)
  to   space 4096K, 0% used [0x00000000eb500000,0x00000000eb500000,0x00000000eb900000)
 ParOldGen       total 207360K, used 187423K [0x00000000c0000000, 0x00000000cca80000, 0x00000000eab00000)
  object space 207360K, 90% used [0x00000000c0000000,0x00000000cb707dc8,0x00000000cca80000)
 Metaspace       used 85472K, committed 86784K, reserved 1179648K
  class space    used 8683K, committed 9280K, reserved 1048576K
}
Event: 440.691 GC heap after
{Heap after GC invocations=642 (full 27):
 PSYoungGen      total 14336K, used 3751K [0x00000000eab00000, 0x00000000ebd00000, 0x0000000100000000)
  eden space 10240K, 0% used [0x00000000eab00000,0x00000000eab00000,0x00000000eb500000)
  from space 4096K, 91% used [0x00000000eb500000,0x00000000eb8a9f50,0x00000000eb900000)
  to   space 4096K, 0% used [0x00000000eb900000,0x00000000eb900000,0x00000000ebd00000)
 ParOldGen       total 207360K, used 188243K [0x00000000c0000000, 0x00000000cca80000, 0x00000000eab00000)
  object space 207360K, 90% used [0x00000000c0000000,0x00000000cb7d4df8,0x00000000cca80000)
 Metaspace       used 85472K, committed 86784K, reserved 1179648K
  class space    used 8683K, committed 9280K, reserved 1048576K
}

