# JRE version: OpenJDK Runtime Environment Temurin-17.0.7+7 (17.0.7+7) (build 17.0.7+7)
# Java VM: OpenJDK 64-Bit Server VM Temurin-17.0.7+7 (17.0.7+7, mixed mode, tiered, compressed oops, compressed class ptrs, parallel gc, linux-amd64)
GC Precious Log:
 CPUs: 20 total, 20 available
 Memory: 31911M
 Large Page Support: Disabled
 NUMA Support: Disabled
 Compressed Oops: Enabled (32-bit)
 Alignments: Space 512K, Generation 512K, Heap 2M
 Heap Min Capacity: 100M
 Heap Initial Capacity: 100M
 Heap Max Capacity: 1G
 Pre-touch: Disabled
 Parallel Workers: 15
Heap:
 PSYoungGen      total 18432K, used 1760K [0x00000000eab00000, 0x00000000ec080000, 0x0000000100000000)
  eden space 16384K, 0% used [0x00000000eab00000,0x00000000eab00000,0x00000000ebb00000)
  from space 2048K, 85% used [0x00000000ebe80000,0x00000000ec038000,0x00000000ec080000)
  to   space 2560K, 0% used [0x00000000ebb80000,0x00000000ebb80000,0x00000000ebe00000)
 ParOldGen       total 68608K, used 67112K [0x00000000c0000000, 0x00000000c4300000, 0x00000000eab00000)
  object space 68608K, 97% used [0x00000000c0000000,0x00000000c418a270,0x00000000c4300000)
 Metaspace       used 64159K, committed 65280K, reserved 1114112K
  class space    used 6887K, committed 7360K, reserved 1048576K
GC Heap History (20 events):
Event: 3.104 GC heap after
{Heap after GC invocations=46 (full 3):
 PSYoungGen      total 18432K, used 2027K [0x00000000eab00000, 0x00000000ec500000, 0x0000000100000000)
  eden space 16384K, 0% used [0x00000000eab00000,0x00000000eab00000,0x00000000ebb00000)
  from space 2048K, 98% used [0x00000000ebb00000,0x00000000ebcfac38,0x00000000ebd00000)
  to   space 5120K, 0% used [0x00000000ec000000,0x00000000ec000000,0x00000000ec500000)
 ParOldGen       total 68608K, used 53990K [0x00000000c0000000, 0x00000000c4300000, 0x00000000eab00000)
  object space 68608K, 78% used [0x00000000c0000000,0x00000000c34b9878,0x00000000c4300000)
 Metaspace       used 61718K, committed 62848K, reserved 1114112K
  class space    used 6661K, committed 7168K, reserved 1048576K
}
Event: 3.134 GC heap before
{Heap before GC invocations=47 (full 3):
 PSYoungGen      total 18432K, used 18411K [0x00000000eab00000, 0x00000000ec500000, 0x0000000100000000)
  eden space 16384K, 100% used [0x00000000eab00000,0x00000000ebb00000,0x00000000ebb00000)
  from space 2048K, 98% used [0x00000000ebb00000,0x00000000ebcfac38,0x00000000ebd00000)
  to   space 5120K, 0% used [0x00000000ec000000,0x00000000ec000000,0x00000000ec500000)
 ParOldGen       total 68608K, used 53990K [0x00000000c0000000, 0x00000000c4300000, 0x00000000eab00000)
  object space 68608K, 78% used [0x00000000c0000000,0x00000000c34b9878,0x00000000c4300000)
 Metaspace       used 61965K, committed 63104K, reserved 1114112K
  class space    used 6691K, committed 7168K, reserved 1048576K
}
Event: 3.136 GC heap after
{Heap after GC invocations=47 (full 3):
 PSYoungGen      total 19456K, used 2571K [0x00000000eab00000, 0x00000000ec300000, 0x0000000100000000)
  eden space 16384K, 0% used [0x00000000eab00000,0x00000000eab00000,0x00000000ebb00000)
  from space 3072K, 83% used [0x00000000ec000000,0x00000000ec282fc0,0x00000000ec300000)
  to   space 3584K, 0% used [0x00000000ebc00000,0x00000000ebc00000,0x00000000ebf80000)
 ParOldGen       total 68608K, used 55933K [0x00000000c0000000, 0x00000000c4300000, 0x00000000eab00000)
  object space 68608K, 81% used [0x00000000c0000000,0x00000000c369f508,0x00000000c4300000)
 Metaspace       used 61965K, committed 63104K, reserved 1114112K
  class space    used 6691K, committed 7168K, reserved 1048576K
}
Event: 3.161 GC heap before
{Heap before GC invocations=48 (full 3):
 PSYoungGen      total 19456K, used 18955K [0x00000000eab00000, 0x00000000ec300000, 0x0000000100000000)
  eden space 16384K, 100% used [0x00000000eab00000,0x00000000ebb00000,0x00000000ebb00000)
  from space 3072K, 83% used [0x00000000ec000000,0x00000000ec282fc0,0x00000000ec300000)
  to   space 3584K, 0% used [0x00000000ebc00000,0x00000000ebc00000,0x00000000ebf80000)
 ParOldGen       total 68608K, used 55933K [0x00000000c0000000, 0x00000000c4300000, 0x00000000eab00000)
  object space 68608K, 81% used [0x00000000c0000000,0x00000000c369f508,0x00000000c4300000)
 Metaspace       used 62711K, committed 63872K, reserved 1114112K
  class space    used 6746K, committed 7232K, reserved 1048576K
}
Event: 3.161 GC heap after
{Heap after GC invocations=48 (full 3):
 PSYoungGen      total 17920K, used 1408K [0x00000000eab00000, 0x00000000ec080000, 0x0000000100000000)
  eden space 16384K, 0% used [0x00000000eab00000,0x00000000eab00000,0x00000000ebb00000)
  from space 1536K, 91% used [0x00000000ebc00000,0x00000000ebd60020,0x00000000ebd80000)
  to   space 2048K, 0% used [0x00000000ebe80000,0x00000000ebe80000,0x00000000ec080000)
 ParOldGen       total 68608K, used 58157K [0x00000000c0000000, 0x00000000c4300000, 0x00000000eab00000)
  object space 68608K, 84% used [0x00000000c0000000,0x00000000c38cb5a8,0x00000000c4300000)
 Metaspace       used 62711K, committed 63872K, reserved 1114112K
  class space    used 6746K, committed 7232K, reserved 1048576K
}
Event: 3.185 GC heap before
{Heap before GC invocations=49 (full 3):
 PSYoungGen      total 17920K, used 17792K [0x00000000eab00000, 0x00000000ec080000, 0x0000000100000000)
  eden space 16384K, 100% used [0x00000000eab00000,0x00000000ebb00000,0x00000000ebb00000)
  from space 1536K, 91% used [0x00000000ebc00000,0x00000000ebd60020,0x00000000ebd80000)
  to   space 2048K, 0% used [0x00000000ebe80000,0x00000000ebe80000,0x00000000ec080000)
 ParOldGen       total 68608K, used 58157K [0x00000000c0000000, 0x00000000c4300000, 0x00000000eab00000)
  object space 68608K, 84% used [0x00000000c0000000,0x00000000c38cb5a8,0x00000000c4300000)
 Metaspace       used 63326K, committed 64448K, reserved 1114112K
  class space    used 6781K, committed 7232K, reserved 1048576K
}
Event: 3.186 GC heap after
{Heap after GC invocations=49 (full 3):
 PSYoungGen      total 18432K, used 1824K [0x00000000eab00000, 0x00000000ec080000, 0x0000000100000000)
  eden space 16384K, 0% used [0x00000000eab00000,0x00000000eab00000,0x00000000ebb00000)
  from space 2048K, 89% used [0x00000000ebe80000,0x00000000ec048020,0x00000000ec080000)
  to   space 2048K, 0% used [0x00000000ebc80000,0x00000000ebc80000,0x00000000ebe80000)
 ParOldGen       total 68608K, used 59285K [0x00000000c0000000, 0x00000000c4300000, 0x00000000eab00000)
  object space 68608K, 86% used [0x00000000c0000000,0x00000000c39e55c8,0x00000000c4300000)
 Metaspace       used 63326K, committed 64448K, reserved 1114112K
  class space    used 6781K, committed 7232K, reserved 1048576K
}
Event: 3.202 GC heap before
{Heap before GC invocations=50 (full 3):
 PSYoungGen      total 18432K, used 18208K [0x00000000eab00000, 0x00000000ec080000, 0x0000000100000000)
  eden space 16384K, 100% used [0x00000000eab00000,0x00000000ebb00000,0x00000000ebb00000)
  from space 2048K, 89% used [0x00000000ebe80000,0x00000000ec048020,0x00000000ec080000)
  to   space 2048K, 0% used [0x00000000ebc80000,0x00000000ebc80000,0x00000000ebe80000)
 ParOldGen       total 68608K, used 59285K [0x00000000c0000000, 0x00000000c4300000, 0x00000000eab00000)
  object space 68608K, 86% used [0x00000000c0000000,0x00000000c39e55c8,0x00000000c4300000)
 Metaspace       used 63477K, committed 64640K, reserved 1114112K
  class space    used 6791K, committed 7232K, reserved 1048576K
}
Event: 3.204 GC heap after
{Heap after GC invocations=50 (full 3):
 PSYoungGen      total 18432K, used 1780K [0x00000000eab00000, 0x00000000ebf00000, 0x0000000100000000)
  eden space 16384K, 0% used [0x00000000eab00000,0x00000000eab00000,0x00000000ebb00000)
  from space 2048K, 86% used [0x00000000ebc80000,0x00000000ebe3d200,0x00000000ebe80000)
  to   space 512K, 0% used [0x00000000ebe80000,0x00000000ebe80000,0x00000000ebf00000)
 ParOldGen       total 68608K, used 60656K [0x00000000c0000000, 0x00000000c4300000, 0x00000000eab00000)
  object space 68608K, 88% used [0x00000000c0000000,0x00000000c3b3c018,0x00000000c4300000)
 Metaspace       used 63477K, committed 64640K, reserved 1114112K
  class space    used 6791K, committed 7232K, reserved 1048576K
}
Event: 3.215 GC heap before
{Heap before GC invocations=51 (full 3):
 PSYoungGen      total 18432K, used 18164K [0x00000000eab00000, 0x00000000ebf00000, 0x0000000100000000)
  eden space 16384K, 100% used [0x00000000eab00000,0x00000000ebb00000,0x00000000ebb00000)
  from space 2048K, 86% used [0x00000000ebc80000,0x00000000ebe3d200,0x00000000ebe80000)
  to   space 512K, 0% used [0x00000000ebe80000,0x00000000ebe80000,0x00000000ebf00000)
 ParOldGen       total 68608K, used 60656K [0x00000000c0000000, 0x00000000c4300000, 0x00000000eab00000)
  object space 68608K, 88% used [0x00000000c0000000,0x00000000c3b3c018,0x00000000c4300000)
 Metaspace       used 63513K, committed 64640K, reserved 1114112K
  class space    used 6791K, committed 7232K, reserved 1048576K
}
Event: 3.216 GC heap after
{Heap after GC invocations=51 (full 3):
 PSYoungGen      total 16896K, used 512K [0x00000000eab00000, 0x00000000ec100000, 0x0000000100000000)
  eden space 16384K, 0% used [0x00000000eab00000,0x00000000eab00000,0x00000000ebb00000)
  from space 512K, 100% used [0x00000000ebe80000,0x00000000ebf00000,0x00000000ebf00000)
  to   space 3072K, 0% used [0x00000000ebb00000,0x00000000ebb00000,0x00000000ebe00000)
 ParOldGen       total 68608K, used 62950K [0x00000000c0000000, 0x00000000c4300000, 0x00000000eab00000)
  object space 68608K, 91% used [0x00000000c0000000,0x00000000c3d79a88,0x00000000c4300000)
 Metaspace       used 63513K, committed 64640K, reserved 1114112K
  class space    used 6791K, committed 7232K, reserved 1048576K
}
Event: 3.229 GC heap before
{Heap before GC invocations=52 (full 3):
 PSYoungGen      total 16896K, used 16896K [0x00000000eab00000, 0x00000000ec100000, 0x0000000100000000)
  eden space 16384K, 100% used [0x00000000eab00000,0x00000000ebb00000,0x00000000ebb00000)
  from space 512K, 100% used [0x00000000ebe80000,0x00000000ebf00000,0x00000000ebf00000)
  to   space 3072K, 0% used [0x00000000ebb00000,0x00000000ebb00000,0x00000000ebe00000)
 ParOldGen       total 68608K, used 62950K [0x00000000c0000000, 0x00000000c4300000, 0x00000000eab00000)
  object space 68608K, 91% used [0x00000000c0000000,0x00000000c3d79a88,0x00000000c4300000)
 Metaspace       used 63549K, committed 64640K, reserved 1114112K
  class space    used 6791K, committed 7232K, reserved 1048576K
}
Event: 3.230 GC heap after
{Heap after GC invocations=52 (full 3):
 PSYoungGen      total 18432K, used 1728K [0x00000000eab00000, 0x00000000ec000000, 0x0000000100000000)
  eden space 16384K, 0% used [0x00000000eab00000,0x00000000eab00000,0x00000000ebb00000)
  from space 2048K, 84% used [0x00000000ebb00000,0x00000000ebcb0000,0x00000000ebd00000)
  to   space 2560K, 0% used [0x00000000ebd80000,0x00000000ebd80000,0x00000000ec000000)
 ParOldGen       total 68608K, used 63354K [0x00000000c0000000, 0x00000000c4300000, 0x00000000eab00000)
  object space 68608K, 92% used [0x00000000c0000000,0x00000000c3ddea98,0x00000000c4300000)
 Metaspace       used 63549K, committed 64640K, reserved 1114112K
  class space    used 6791K, committed 7232K, reserved 1048576K
}
Event: 3.239 GC heap before
{Heap before GC invocations=53 (full 3):
 PSYoungGen      total 18432K, used 18112K [0x00000000eab00000, 0x00000000ec000000, 0x0000000100000000)
  eden space 16384K, 100% used [0x00000000eab00000,0x00000000ebb00000,0x00000000ebb00000)
  from space 2048K, 84% used [0x00000000ebb00000,0x00000000ebcb0000,0x00000000ebd00000)
  to   space 2560K, 0% used [0x00000000ebd80000,0x00000000ebd80000,0x00000000ec000000)
 ParOldGen       total 68608K, used 63354K [0x00000000c0000000, 0x00000000c4300000, 0x00000000eab00000)
  object space 68608K, 92% used [0x00000000c0000000,0x00000000c3ddea98,0x00000000c4300000)
 Metaspace       used 63561K, committed 64640K, reserved 1114112K
  class space    used 6791K, committed 7232K, reserved 1048576K
}
Event: 3.240 GC heap after
{Heap after GC invocations=53 (full 3):
 PSYoungGen      total 17920K, used 1376K [0x00000000eab00000, 0x00000000ebf00000, 0x0000000100000000)
  eden space 16384K, 0% used [0x00000000eab00000,0x00000000eab00000,0x00000000ebb00000)
  from space 1536K, 89% used [0x00000000ebd80000,0x00000000ebed8020,0x00000000ebf00000)
  to   space 2048K, 0% used [0x00000000ebb00000,0x00000000ebb00000,0x00000000ebd00000)
 ParOldGen       total 68608K, used 64274K [0x00000000c0000000, 0x00000000c4300000, 0x00000000eab00000)
  object space 68608K, 93% used [0x00000000c0000000,0x00000000c3ec4a98,0x00000000c4300000)
 Metaspace       used 63561K, committed 64640K, reserved 1114112K
  class space    used 6791K, committed 7232K, reserved 1048576K
}
Event: 3.254 GC heap before
{Heap before GC invocations=54 (full 3):
 PSYoungGen      total 17920K, used 17760K [0x00000000eab00000, 0x00000000ebf00000, 0x0000000100000000)
  eden space 16384K, 100% used [0x00000000eab00000,0x00000000ebb00000,0x00000000ebb00000)
  from space 1536K, 89% used [0x00000000ebd80000,0x00000000ebed8020,0x00000000ebf00000)
  to   space 2048K, 0% used [0x00000000ebb00000,0x00000000ebb00000,0x00000000ebd00000)
 ParOldGen       total 68608K, used 64274K [0x00000000c0000000, 0x00000000c4300000, 0x00000000eab00000)
  object space 68608K, 93% used [0x00000000c0000000,0x00000000c3ec4a98,0x00000000c4300000)
 Metaspace       used 63835K, committed 64960K, reserved 1114112K
  class space    used 6827K, committed 7296K, reserved 1048576K
}
Event: 3.255 GC heap after
{Heap after GC invocations=54 (full 3):
 PSYoungGen      total 18432K, used 2042K [0x00000000eab00000, 0x00000000ec200000, 0x0000000100000000)
  eden space 16384K, 0% used [0x00000000eab00000,0x00000000eab00000,0x00000000ebb00000)
  from space 2048K, 99% used [0x00000000ebb00000,0x00000000ebcfe900,0x00000000ebd00000)
  to   space 3584K, 0% used [0x00000000ebe80000,0x00000000ebe80000,0x00000000ec200000)
 ParOldGen       total 68608K, used 65414K [0x00000000c0000000, 0x00000000c4300000, 0x00000000eab00000)
  object space 68608K, 95% used [0x00000000c0000000,0x00000000c3fe1ab8,0x00000000c4300000)
 Metaspace       used 63835K, committed 64960K, reserved 1114112K
  class space    used 6827K, committed 7296K, reserved 1048576K
}
Event: 3.279 GC heap before
{Heap before GC invocations=55 (full 3):
 PSYoungGen      total 18432K, used 18426K [0x00000000eab00000, 0x00000000ec200000, 0x0000000100000000)
  eden space 16384K, 100% used [0x00000000eab00000,0x00000000ebb00000,0x00000000ebb00000)
  from space 2048K, 99% used [0x00000000ebb00000,0x00000000ebcfe900,0x00000000ebd00000)
  to   space 3584K, 0% used [0x00000000ebe80000,0x00000000ebe80000,0x00000000ec200000)
 ParOldGen       total 68608K, used 65414K [0x00000000c0000000, 0x00000000c4300000, 0x00000000eab00000)
  object space 68608K, 95% used [0x00000000c0000000,0x00000000c3fe1ab8,0x00000000c4300000)
 Metaspace       used 64159K, committed 65280K, reserved 1114112K
  class space    used 6887K, committed 7360K, reserved 1048576K
}
Event: 3.281 GC heap after
{Heap after GC invocations=55 (full 3):
 PSYoungGen      total 18432K, used 1760K [0x00000000eab00000, 0x00000000ec080000, 0x0000000100000000)
  eden space 16384K, 0% used [0x00000000eab00000,0x00000000eab00000,0x00000000ebb00000)
  from space 2048K, 85% used [0x00000000ebe80000,0x00000000ec038000,0x00000000ec080000)
  to   space 2560K, 0% used [0x00000000ebb80000,0x00000000ebb80000,0x00000000ebe00000)
 ParOldGen       total 68608K, used 67112K [0x00000000c0000000, 0x00000000c4300000, 0x00000000eab00000)
  object space 68608K, 97% used [0x00000000c0000000,0x00000000c418a270,0x00000000c4300000)
 Metaspace       used 64159K, committed 65280K, reserved 1114112K
  class space    used 6887K, committed 7360K, reserved 1048576K
}
Event: 3.281 GC heap before
{Heap before GC invocations=56 (full 4):
 PSYoungGen      total 18432K, used 1760K [0x00000000eab00000, 0x00000000ec080000, 0x0000000100000000)
  eden space 16384K, 0% used [0x00000000eab00000,0x00000000eab00000,0x00000000ebb00000)
  from space 2048K, 85% used [0x00000000ebe80000,0x00000000ec038000,0x00000000ec080000)
  to   space 2560K, 0% used [0x00000000ebb80000,0x00000000ebb80000,0x00000000ebe00000)
 ParOldGen       total 68608K, used 67112K [0x00000000c0000000, 0x00000000c4300000, 0x00000000eab00000)
  object space 68608K, 97% used [0x00000000c0000000,0x00000000c418a270,0x00000000c4300000)
 Metaspace       used 64159K, committed 65280K, reserved 1114112K
  class space    used 6887K, committed 7360K, reserved 1048576K
}

